<?xml version="1.0" encoding="UTF-8"?>
<!-- Generated by org.testng.reporters.JUnitReportReporter -->
<testsuite hostname="Theokiko-PC" failures="0" tests="2" name="Tests.HomeTest" time="3.353" errors="0" timestamp="2020-01-23T12:50:23 CET" skipped="0">
  <testcase classname="Tests.HomeTest" name="SuccessfulSearch" time="2.154"/>
  <system-out/>
  <testcase classname="Tests.HomeTest" name="UnSuccessfulSearch" time="1.199"/>
  <system-out/>
</testsuite> <!-- Tests.HomeTest -->
