<?xml version="1.0" encoding="UTF-8"?>
<!-- Generated by org.testng.reporters.JUnitReportReporter -->
<testsuite hostname="Theokiko-PC" failures="0" tests="2" name="Tests.SearchResultTest" time="7.728" errors="0" timestamp="2020-01-23T12:50:23 CET" skipped="0">
  <testcase classname="Tests.SearchResultTest" name="CheckImagesForExistingResult" time="3.147"/>
  <system-out/>
  <testcase classname="Tests.SearchResultTest" name="ExistResult" time="4.581"/>
  <system-out/>
</testsuite> <!-- Tests.SearchResultTest -->
