<?xml version="1.0" encoding="UTF-8"?>
<!-- Generated by org.testng.reporters.JUnitReportReporter -->
<testsuite hostname="Theokiko-PC" failures="0" tests="1" name="Tests.AutoSuggestTest" time="1.759" errors="0" timestamp="2020-01-23T12:50:23 CET" skipped="0">
  <testcase classname="Tests.AutoSuggestTest" name="SuccessfulAutoSearch" time="1.759"/>
  <system-out/>
</testsuite> <!-- Tests.AutoSuggestTest -->
