<?xml version="1.0" encoding="UTF-8"?>
<!-- Generated by org.testng.reporters.JUnitReportReporter -->
<testsuite hostname="Theokiko-PC" failures="0" tests="2" name="Tests.ApplicationsTest" time="6.219" errors="0" timestamp="2020-01-23T12:50:23 CET" skipped="0">
  <testcase classname="Tests.ApplicationsTest" name="OpenGmail" time="3.347"/>
  <system-out/>
  <testcase classname="Tests.ApplicationsTest" name="OpenHelpPage" time="2.872"/>
  <system-out/>
</testsuite> <!-- Tests.ApplicationsTest -->
